# JRE version: Java(TM) SE Runtime Environment (7.0_79-b15) (build 1.7.0_79-b15)
# Java VM: Java HotSpot(TM) 64-Bit Server VM (24.79-b02 mixed mode bsd-amd64 compressed oops)
Heap
 PSYoungGen      total 233472K, used 53750K [0x00000007eaa80000, 0x0000000800000000, 0x0000000800000000)
  eden space 117248K, 0% used [0x00000007eaa80000,0x00000007eaa80000,0x00000007f1d00000)
  from space 116224K, 46% used [0x00000007f8e80000,0x00000007fc2fdb30,0x0000000800000000)
  to   space 116224K, 0% used [0x00000007f1d00000,0x00000007f1d00000,0x00000007f8e80000)
 ParOldGen       total 474112K, used 434292K [0x00000007c0000000, 0x00000007dcf00000, 0x00000007eaa80000)
  object space 474112K, 91% used [0x00000007c0000000,0x00000007da81d0f8,0x00000007dcf00000)
 PSPermGen       total 21504K, used 6025K [0x00000007bae00000, 0x00000007bc300000, 0x00000007c0000000)
  object space 21504K, 28% used [0x00000007bae00000,0x00000007bb3e26c0,0x00000007bc300000)
GC Heap History (10 events):
Event: 23.218 GC heap after
Heap after GC invocations=23 (full 3):
 PSYoungGen      total 229888K, used 106064K [0x00000007eaa80000, 0x0000000800000000, 0x0000000800000000)
  eden space 117248K, 0% used [0x00000007eaa80000,0x00000007eaa80000,0x00000007f1d00000)
  from space 112640K, 94% used [0x00000007f9200000,0x00000007ff9941d0,0x0000000800000000)
  to   space 116224K, 0% used [0x00000007f1d00000,0x00000007f1d00000,0x00000007f8e80000)
 ParOldGen       total 474112K, used 310232K [0x00000007c0000000, 0x00000007dcf00000, 0x00000007eaa80000)
  object space 474112K, 65% used [0x00000007c0000000,0x00000007d2ef6210,0x00000007dcf00000)
 PSPermGen       total 21504K, used 5986K [0x00000007bae00000, 0x00000007bc300000, 0x00000007c0000000)
  object space 21504K, 27% used [0x00000007bae00000,0x00000007bb3d8b28,0x00000007bc300000)
}
Event: 23.686 GC heap before
{Heap before GC invocations=24 (full 3):
 PSYoungGen      total 229888K, used 223312K [0x00000007eaa80000, 0x0000000800000000, 0x0000000800000000)
  eden space 117248K, 100% used [0x00000007eaa80000,0x00000007f1d00000,0x00000007f1d00000)
  from space 112640K, 94% used [0x00000007f9200000,0x00000007ff9941d0,0x0000000800000000)
  to   space 116224K, 0% used [0x00000007f1d00000,0x00000007f1d00000,0x00000007f8e80000)
 ParOldGen       total 474112K, used 310232K [0x00000007c0000000, 0x00000007dcf00000, 0x00000007eaa80000)
  object space 474112K, 65% used [0x00000007c0000000,0x00000007d2ef6210,0x00000007dcf00000)
 PSPermGen       total 21504K, used 6022K [0x00000007bae00000, 0x00000007bc300000, 0x00000007c0000000)
  object space 21504K, 28% used [0x00000007bae00000,0x00000007bb3e1bd8,0x00000007bc300000)
Event: 23.911 GC heap after
Heap after GC invocations=24 (full 3):
 PSYoungGen      total 233472K, used 112336K [0x00000007eaa80000, 0x0000000800000000, 0x0000000800000000)
  eden space 117248K, 0% used [0x00000007eaa80000,0x00000007eaa80000,0x00000007f1d00000)
  from space 116224K, 96% used [0x00000007f1d00000,0x00000007f8ab4090,0x00000007f8e80000)
  to   space 116224K, 0% used [0x00000007f8e80000,0x00000007f8e80000,0x0000000800000000)
 ParOldGen       total 474112K, used 321849K [0x00000007c0000000, 0x00000007dcf00000, 0x00000007eaa80000)
  object space 474112K, 67% used [0x00000007c0000000,0x00000007d3a4e7e8,0x00000007dcf00000)
 PSPermGen       total 21504K, used 6022K [0x00000007bae00000, 0x00000007bc300000, 0x00000007c0000000)
  object space 21504K, 28% used [0x00000007bae00000,0x00000007bb3e1bd8,0x00000007bc300000)
}
Event: 24.407 GC heap before
{Heap before GC invocations=25 (full 3):
 PSYoungGen      total 233472K, used 229584K [0x00000007eaa80000, 0x0000000800000000, 0x0000000800000000)
  eden space 117248K, 100% used [0x00000007eaa80000,0x00000007f1d00000,0x00000007f1d00000)
  from space 116224K, 96% used [0x00000007f1d00000,0x00000007f8ab4090,0x00000007f8e80000)
  to   space 116224K, 0% used [0x00000007f8e80000,0x00000007f8e80000,0x0000000800000000)
 ParOldGen       total 474112K, used 321849K [0x00000007c0000000, 0x00000007dcf00000, 0x00000007eaa80000)
  object space 474112K, 67% used [0x00000007c0000000,0x00000007d3a4e7e8,0x00000007dcf00000)
 PSPermGen       total 21504K, used 6025K [0x00000007bae00000, 0x00000007bc300000, 0x00000007c0000000)
  object space 21504K, 28% used [0x00000007bae00000,0x00000007bb3e2438,0x00000007bc300000)
Event: 24.643 GC heap after
Heap after GC invocations=25 (full 3):
 PSYoungGen      total 233472K, used 93292K [0x00000007eaa80000, 0x0000000800000000, 0x0000000800000000)
  eden space 117248K, 0% used [0x00000007eaa80000,0x00000007eaa80000,0x00000007f1d00000)
  from space 116224K, 80% used [0x00000007f8e80000,0x00000007fe99b058,0x0000000800000000)
  to   space 116224K, 0% used [0x00000007f1d00000,0x00000007f1d00000,0x00000007f8e80000)
 ParOldGen       total 474112K, used 359285K [0x00000007c0000000, 0x00000007dcf00000, 0x00000007eaa80000)
  object space 474112K, 75% used [0x00000007c0000000,0x00000007d5edd700,0x00000007dcf00000)
 PSPermGen       total 21504K, used 6025K [0x00000007bae00000, 0x00000007bc300000, 0x00000007c0000000)
  object space 21504K, 28% used [0x00000007bae00000,0x00000007bb3e2438,0x00000007bc300000)
}
Event: 25.006 GC heap before
{Heap before GC invocations=26 (full 3):
 PSYoungGen      total 233472K, used 210540K [0x00000007eaa80000, 0x0000000800000000, 0x0000000800000000)
  eden space 117248K, 100% used [0x00000007eaa80000,0x00000007f1d00000,0x00000007f1d00000)
  from space 116224K, 80% used [0x00000007f8e80000,0x00000007fe99b058,0x0000000800000000)
  to   space 116224K, 0% used [0x00000007f1d00000,0x00000007f1d00000,0x00000007f8e80000)
 ParOldGen       total 474112K, used 359285K [0x00000007c0000000, 0x00000007dcf00000, 0x00000007eaa80000)
  object space 474112K, 75% used [0x00000007c0000000,0x00000007d5edd700,0x00000007dcf00000)
 PSPermGen       total 21504K, used 6025K [0x00000007bae00000, 0x00000007bc300000, 0x00000007c0000000)
  object space 21504K, 28% used [0x00000007bae00000,0x00000007bb3e26c0,0x00000007bc300000)
Event: 25.131 GC heap after
Heap after GC invocations=26 (full 3):
 PSYoungGen      total 233472K, used 73891K [0x00000007eaa80000, 0x0000000800000000, 0x0000000800000000)
  eden space 117248K, 0% used [0x00000007eaa80000,0x00000007eaa80000,0x00000007f1d00000)
  from space 116224K, 63% used [0x00000007f1d00000,0x00000007f6528c58,0x00000007f8e80000)
  to   space 116224K, 0% used [0x00000007f8e80000,0x00000007f8e80000,0x0000000800000000)
 ParOldGen       total 474112K, used 395841K [0x00000007c0000000, 0x00000007dcf00000, 0x00000007eaa80000)
  object space 474112K, 83% used [0x00000007c0000000,0x00000007d8290560,0x00000007dcf00000)
 PSPermGen       total 21504K, used 6025K [0x00000007bae00000, 0x00000007bc300000, 0x00000007c0000000)
  object space 21504K, 28% used [0x00000007bae00000,0x00000007bb3e26c0,0x00000007bc300000)
}
Event: 25.478 GC heap before
{Heap before GC invocations=27 (full 3):
 PSYoungGen      total 233472K, used 191139K [0x00000007eaa80000, 0x0000000800000000, 0x0000000800000000)
  eden space 117248K, 100% used [0x00000007eaa80000,0x00000007f1d00000,0x00000007f1d00000)
  from space 116224K, 63% used [0x00000007f1d00000,0x00000007f6528c58,0x00000007f8e80000)
  to   space 116224K, 0% used [0x00000007f8e80000,0x00000007f8e80000,0x0000000800000000)
 ParOldGen       total 474112K, used 395841K [0x00000007c0000000, 0x00000007dcf00000, 0x00000007eaa80000)
  object space 474112K, 83% used [0x00000007c0000000,0x00000007d8290560,0x00000007dcf00000)
 PSPermGen       total 21504K, used 6025K [0x00000007bae00000, 0x00000007bc300000, 0x00000007c0000000)
  object space 21504K, 28% used [0x00000007bae00000,0x00000007bb3e26c0,0x00000007bc300000)
Event: 25.673 GC heap after
Heap after GC invocations=27 (full 3):
 PSYoungGen      total 233472K, used 53750K [0x00000007eaa80000, 0x0000000800000000, 0x0000000800000000)
  eden space 117248K, 0% used [0x00000007eaa80000,0x00000007eaa80000,0x00000007f1d00000)
  from space 116224K, 46% used [0x00000007f8e80000,0x00000007fc2fdb30,0x0000000800000000)
  to   space 116224K, 0% used [0x00000007f1d00000,0x00000007f1d00000,0x00000007f8e80000)
 ParOldGen       total 474112K, used 434292K [0x00000007c0000000, 0x00000007dcf00000, 0x00000007eaa80000)
  object space 474112K, 91% used [0x00000007c0000000,0x00000007da81d0f8,0x00000007dcf00000)
 PSPermGen       total 21504K, used 6025K [0x00000007bae00000, 0x00000007bc300000, 0x00000007c0000000)
  object space 21504K, 28% used [0x00000007bae00000,0x00000007bb3e26c0,0x00000007bc300000)
}
Event: 25.673 GC heap before
{Heap before GC invocations=28 (full 4):
 PSYoungGen      total 233472K, used 53750K [0x00000007eaa80000, 0x0000000800000000, 0x0000000800000000)
  eden space 117248K, 0% used [0x00000007eaa80000,0x00000007eaa80000,0x00000007f1d00000)
  from space 116224K, 46% used [0x00000007f8e80000,0x00000007fc2fdb30,0x0000000800000000)
  to   space 116224K, 0% used [0x00000007f1d00000,0x00000007f1d00000,0x00000007f8e80000)
 ParOldGen       total 474112K, used 434292K [0x00000007c0000000, 0x00000007dcf00000, 0x00000007eaa80000)
  object space 474112K, 91% used [0x00000007c0000000,0x00000007da81d0f8,0x00000007dcf00000)
 PSPermGen       total 21504K, used 6025K [0x00000007bae00000, 0x00000007bc300000, 0x00000007c0000000)
  object space 21504K, 28% used [0x00000007bae00000,0x00000007bb3e26c0,0x00000007bc300000)

